<?xml version="1.0" encoding="UTF-8"?>
<!-- Generated by org.testng.reporters.JUnitReportReporter -->
<testsuite skipped="0" hostname="DESKTOP-R777QAG" name="com.actitime.test.LoginLogOutTest" tests="3" failures="0" timestamp="19 Jan 2021 01:24:54 GMT" time="1.243" errors="0">
  <testcase name="login" time="0.644" classname="com.actitime.test.LoginLogOutTest"/>
  <testcase name="login" time="0.319" classname="com.actitime.test.LoginLogOutTest"/>
  <testcase name="login" time="0.280" classname="com.actitime.test.LoginLogOutTest"/>
</testsuite> <!-- com.actitime.test.LoginLogOutTest -->
